\BOOKMARK [0][-]{chapter*.1}{Executive summary}{}% 1
\BOOKMARK [0][-]{chapter.1}{Time tracking}{}% 2
\BOOKMARK [1][-]{section.1.1}{Korbinian W\374rl}{chapter.1}% 3
\BOOKMARK [1][-]{section.1.2}{Mai Ton Nu Cam}{chapter.1}% 4
\BOOKMARK [1][-]{section.1.3}{Vivek Sethia}{chapter.1}% 5
\BOOKMARK [1][-]{section.1.4}{Swathi Shyam Sunder}{chapter.1}% 6
\BOOKMARK [0][-]{chapter.2}{Overview of most important observations}{}% 7
\BOOKMARK [1][-]{section.2.1}{Vulnerabilities of BANK-APP}{chapter.2}% 8
\BOOKMARK [2][-]{subsection.2.1.1}{Weak Authorization Mechanism}{section.2.1}% 9
\BOOKMARK [2][-]{subsection.2.1.2}{Static Session ID}{section.2.1}% 10
\BOOKMARK [2][-]{subsection.2.1.3}{Command injection}{section.2.1}% 11
\BOOKMARK [1][-]{section.2.2}{Vulnerabilities of SecureBank}{chapter.2}% 12
\BOOKMARK [2][-]{subsection.2.2.1}{Static Session ID}{section.2.2}% 13
\BOOKMARK [0][-]{chapter.3}{Tools}{}% 14
\BOOKMARK [1][-]{section.3.1}{Distribution of Tools}{chapter.3}% 15
\BOOKMARK [2][-]{subsection.3.1.1}{Korbinian W\374rl}{section.3.1}% 16
\BOOKMARK [2][-]{subsection.3.1.2}{Mai Ton Nu Cam}{section.3.1}% 17
\BOOKMARK [2][-]{subsection.3.1.3}{Vivek Sethia}{section.3.1}% 18
\BOOKMARK [2][-]{subsection.3.1.4}{Swathi Shyam Sunder}{section.3.1}% 19
\BOOKMARK [1][-]{section.3.2}{Analysis}{chapter.3}% 20
\BOOKMARK [2][-]{subsection.3.2.1}{ErrorMint}{section.3.2}% 21
\BOOKMARK [2][-]{subsection.3.2.2}{bomb\137tansaction.sh}{section.3.2}% 22
\BOOKMARK [2][-]{subsection.3.2.3}{Google Chrome Developer Tools}{section.3.2}% 23
\BOOKMARK [2][-]{subsection.3.2.4}{sid\137analysis.py}{section.3.2}% 24
\BOOKMARK [2][-]{subsection.3.2.5}{curl}{section.3.2}% 25
\BOOKMARK [2][-]{subsection.3.2.6}{THC Hydra}{section.3.2}% 26
\BOOKMARK [2][-]{subsection.3.2.7}{Vega}{section.3.2}% 27
\BOOKMARK [2][-]{subsection.3.2.8}{Burp Suite}{section.3.2}% 28
\BOOKMARK [0][-]{chapter.4}{Detailed Test Report}{}% 29
\BOOKMARK [1][-]{section.4.1}{Configuration and Deploy Management Testing}{chapter.4}% 30
\BOOKMARK [2][-]{subsection.4.1.1}{Test File Extensions Handling for Sensitive Information - OTG-CONFIG-003}{section.4.1}% 31
\BOOKMARK [2][-]{subsection.4.1.2}{Test HTTP Methods - OTG-CONFIG-006}{section.4.1}% 32
\BOOKMARK [2][-]{subsection.4.1.3}{Test HTTP Strict Transport Security - OTG-CONFIG-007}{section.4.1}% 33
\BOOKMARK [2][-]{subsection.4.1.4}{Test RIA cross domain policy - OTG-CONFIG-008}{section.4.1}% 34
\BOOKMARK [1][-]{section.4.2}{Identity Management Testing}{chapter.4}% 35
\BOOKMARK [2][-]{subsection.4.2.1}{Test Role Definitions - OTG-IDENT-001}{section.4.2}% 36
\BOOKMARK [2][-]{subsection.4.2.2}{Test User Registration Process - OTG-IDENT-002}{section.4.2}% 37
\BOOKMARK [2][-]{subsection.4.2.3}{Test Account Provisioning Process - OTG-IDENT-003}{section.4.2}% 38
\BOOKMARK [2][-]{subsection.4.2.4}{Testing for Account Enumeration and Guessable User Account - OTG-IDENT-004}{section.4.2}% 39
\BOOKMARK [2][-]{subsection.4.2.5}{Testing for Weak or unenforced username policy - OTG-IDENT-005}{section.4.2}% 40
\BOOKMARK [1][-]{section.4.3}{Authentication Testing}{chapter.4}% 41
\BOOKMARK [2][-]{subsection.4.3.1}{Testing for Credentials Transported over an Encrypted Channel - OTG-AUTHN-001}{section.4.3}% 42
\BOOKMARK [2][-]{subsection.4.3.2}{Testing for default credentials - OTG-AUTHN-002}{section.4.3}% 43
\BOOKMARK [2][-]{subsection.4.3.3}{Testing for Weak lock out mechanism - OTG-AUTHN-003}{section.4.3}% 44
\BOOKMARK [2][-]{subsection.4.3.4}{Testing for bypassing authentication schema - OTG-AUTHN-004}{section.4.3}% 45
\BOOKMARK [2][-]{subsection.4.3.5}{Test remember password functionality - OTG-AUTHN-005}{section.4.3}% 46
\BOOKMARK [2][-]{subsection.4.3.6}{Testing for Browser cache weakness - OTG-AUTHN-006}{section.4.3}% 47
\BOOKMARK [2][-]{subsection.4.3.7}{Testing for Weak password policy - OTG-AUTHN-007}{section.4.3}% 48
\BOOKMARK [2][-]{subsection.4.3.8}{Testing for Weak security question/answer - OTG-AUTHN-008}{section.4.3}% 49
\BOOKMARK [2][-]{subsection.4.3.9}{Testing for weak password change or reset functionalities - OTG-AUTHN-009}{section.4.3}% 50
\BOOKMARK [2][-]{subsection.4.3.10}{Testing for Weaker authentication in alternative channel - OTG-AUTHN-010}{section.4.3}% 51
\BOOKMARK [1][-]{section.4.4}{Authorization Testing}{chapter.4}% 52
\BOOKMARK [2][-]{subsection.4.4.1}{Testing Directory traversal/file include - OTG-AUTHZ-001}{section.4.4}% 53
\BOOKMARK [2][-]{subsection.4.4.2}{Testing for bypassing authorization schema - OTG-AUTHZ-002}{section.4.4}% 54
\BOOKMARK [2][-]{subsection.4.4.3}{Testing for Privilege Escalation - OTG-AUTHZ-003}{section.4.4}% 55
\BOOKMARK [2][-]{subsection.4.4.4}{Testing for Insecure Direct Object References - OTG-AUTHZ-004}{section.4.4}% 56
\BOOKMARK [1][-]{section.4.5}{Session Management Testing}{chapter.4}% 57
\BOOKMARK [2][-]{subsection.4.5.1}{Testing for Bypassing Session Management Schema - OTG-SESS-001}{section.4.5}% 58
\BOOKMARK [2][-]{subsection.4.5.2}{Testing for Cookies attributes - OTG-SESS-002}{section.4.5}% 59
\BOOKMARK [2][-]{subsection.4.5.3}{Testing for Session Fixation - OTG-SESS-003}{section.4.5}% 60
\BOOKMARK [2][-]{subsection.4.5.4}{Testing for Exposed Session Variables - OTG-SESS-004}{section.4.5}% 61
\BOOKMARK [2][-]{subsection.4.5.5}{Testing for Cross Site Request Forgery - OTG-SESS-005}{section.4.5}% 62
\BOOKMARK [2][-]{subsection.4.5.6}{Testing for logout functionality - OTG-SESS-006}{section.4.5}% 63
\BOOKMARK [2][-]{subsection.4.5.7}{Test Session Timeout - OTG-SESS-007}{section.4.5}% 64
\BOOKMARK [2][-]{subsection.4.5.8}{Testing for Session puzzling - OTG-SESS-008}{section.4.5}% 65
\BOOKMARK [1][-]{section.4.6}{Data Validation Testing}{chapter.4}% 66
\BOOKMARK [2][-]{subsection.4.6.1}{Testing for Reflected Cross Site Scripting - OTG-INPVAL-001}{section.4.6}% 67
\BOOKMARK [2][-]{subsection.4.6.2}{Testing for Stored Cross Site Scripting - OTG-INPVAL-002}{section.4.6}% 68
\BOOKMARK [2][-]{subsection.4.6.3}{Testing for HTTP Verb Tampering - OTG-INPVAL-003}{section.4.6}% 69
\BOOKMARK [2][-]{subsection.4.6.4}{Testing for HTTP Parameter pollution - OTG-INPVAL-004}{section.4.6}% 70
\BOOKMARK [2][-]{subsection.4.6.5}{Testing for SQL Injection - OTG-INPVAL-005}{section.4.6}% 71
\BOOKMARK [2][-]{subsection.4.6.6}{Testing for LDAP Injection - OTG-INPVAL-006}{section.4.6}% 72
\BOOKMARK [2][-]{subsection.4.6.7}{Testing for ORM Injection - OTG-INPVAL-007}{section.4.6}% 73
\BOOKMARK [2][-]{subsection.4.6.8}{Testing for XML Injection - OTG-INPVAL-008}{section.4.6}% 74
\BOOKMARK [2][-]{subsection.4.6.9}{Testing for SSI Injection - OTG-INPVAL-009}{section.4.6}% 75
\BOOKMARK [2][-]{subsection.4.6.10}{Testing for XPath Injection - OTG-INPVAL-010}{section.4.6}% 76
\BOOKMARK [2][-]{subsection.4.6.11}{IMAP/SMTP Injection - OTG-INPVAL-011}{section.4.6}% 77
\BOOKMARK [2][-]{subsection.4.6.12}{Testing for Code Injection - OTG-INPVAL-012}{section.4.6}% 78
\BOOKMARK [2][-]{subsection.4.6.13}{Testing for Command Injection - OTG-INPVAL-013}{section.4.6}% 79
\BOOKMARK [2][-]{subsection.4.6.14}{Testing for Buffer overflow - OTG-INPVAL-014}{section.4.6}% 80
\BOOKMARK [2][-]{subsection.4.6.15}{Testing for incubated vulnerabilities - OTG-INPVAL-015}{section.4.6}% 81
\BOOKMARK [2][-]{subsection.4.6.16}{Testing for HTTP Splitting/Smuggling - OTG-INPVAL-016}{section.4.6}% 82
\BOOKMARK [1][-]{section.4.7}{Error Handling}{chapter.4}% 83
\BOOKMARK [2][-]{subsection.4.7.1}{Analysis of Error Codes - OTG-ERR-001}{section.4.7}% 84
\BOOKMARK [2][-]{subsection.4.7.2}{Analysis of Stack Traces - OTG-ERR-002}{section.4.7}% 85
\BOOKMARK [1][-]{section.4.8}{Cryptography}{chapter.4}% 86
\BOOKMARK [2][-]{subsection.4.8.1}{Testing for Weak SSL/TSL Ciphers, Insufficient Transport Layer Protection - OTG-CRYPST-001}{section.4.8}% 87
\BOOKMARK [2][-]{subsection.4.8.2}{Testing for Padding Oracle - OTG-CRYPST-002}{section.4.8}% 88
\BOOKMARK [2][-]{subsection.4.8.3}{Testing for Sensitive information sent via unencrypted channels - OTG-CRYPST-003}{section.4.8}% 89
\BOOKMARK [1][-]{section.4.9}{Business Logic Testing}{chapter.4}% 90
\BOOKMARK [2][-]{subsection.4.9.1}{Test Business Logic Data Validation - OTG-BUSLOGIC-001}{section.4.9}% 91
\BOOKMARK [2][-]{subsection.4.9.2}{Test Ability to Forge Requests - OTG-BUSLOGIC-002}{section.4.9}% 92
\BOOKMARK [2][-]{subsection.4.9.3}{Test Integrity Checks - OTG-BUSLOGIC-003}{section.4.9}% 93
\BOOKMARK [2][-]{subsection.4.9.4}{Test for Process Timing - OTG-BUSLOGIC-004}{section.4.9}% 94
\BOOKMARK [2][-]{subsection.4.9.5}{Test Number of Times a Function Can be Used Limits - OTG-BUSLOGIC-005}{section.4.9}% 95
\BOOKMARK [2][-]{subsection.4.9.6}{Testing for the Circumvention of Work Flows - OTG-BUSLOGIC-006}{section.4.9}% 96
\BOOKMARK [2][-]{subsection.4.9.7}{Test Defenses Against Application Mis-use \(OTG-BUSLOGIC-007\)}{section.4.9}% 97
\BOOKMARK [2][-]{subsection.4.9.8}{Test Upload of Unexpected File Types - OTG-BUSLOGIC-008}{section.4.9}% 98
\BOOKMARK [2][-]{subsection.4.9.9}{Test Upload of Malicious Files - OTG-BUSLOGIC-009}{section.4.9}% 99
\BOOKMARK [1][-]{section.4.10}{Client Side Testing}{chapter.4}% 100
\BOOKMARK [2][-]{subsection.4.10.1}{Testing for DOM based Cross Site Scripting - OTG-CLIENT-001}{section.4.10}% 101
\BOOKMARK [2][-]{subsection.4.10.2}{Testing for JavaScript Execution - OTG-CLIENT-002}{section.4.10}% 102
\BOOKMARK [2][-]{subsection.4.10.3}{Testing for HTML Injection - OTG-CLIENT-003}{section.4.10}% 103
\BOOKMARK [2][-]{subsection.4.10.4}{Testing for Client Side URL Redirect - OTG-CLIENT-004}{section.4.10}% 104
\BOOKMARK [2][-]{subsection.4.10.5}{Testing for CSS Injection - OTG-CLIENT-005}{section.4.10}% 105
\BOOKMARK [2][-]{subsection.4.10.6}{Testing for Client Side Resource Manipulation - OTG-CLIENT-006}{section.4.10}% 106
\BOOKMARK [2][-]{subsection.4.10.7}{Test Cross Origin Resource Sharing - OTG-CLIENT-007}{section.4.10}% 107
\BOOKMARK [2][-]{subsection.4.10.8}{Testing for Cross Site Flashing - OTG-CLIENT-008}{section.4.10}% 108
\BOOKMARK [2][-]{subsection.4.10.9}{Testing for Clickjacking - OTG-CLIENT-009}{section.4.10}% 109
\BOOKMARK [2][-]{subsection.4.10.10}{Testing WebSockets - OTG-CLIENT-010}{section.4.10}% 110
\BOOKMARK [2][-]{subsection.4.10.11}{Test Web Messaging - OTG-CLIENT-011}{section.4.10}% 111
\BOOKMARK [2][-]{subsection.4.10.12}{Test Local Storage - OTG-CLIENT-012}{section.4.10}% 112
\BOOKMARK [1][-]{section.4.11}{Functionality Testing}{chapter.4}% 113
\BOOKMARK [2][-]{subsection.4.11.1}{Testing Batch Transactions}{section.4.11}% 114
